<?xml version="1.0" encoding="UTF-8"?>
<!-- Generated by org.testng.reporters.JUnitXMLReporter -->
<testsuite ignored="0" hostname="DESKTOP-04PNTCS" failures="0" tests="10" name="Place order from T-shirts category" time="35.594" errors="0" timestamp="20 Oct 2020 14:30:56 GMT">
  <testcase classname="com.businessKeeper.tests.place_order.TC03_BuyFirstProductForTShirtsCategory" name="verifySuccessfulLogin" time="5.135"/>
  <testcase classname="com.businessKeeper.tests.place_order.TC03_BuyFirstProductForTShirtsCategory" name="verifyTshirtProductsPageDisplayed" time="2.993"/>
  <testcase classname="com.businessKeeper.tests.place_order.TC03_BuyFirstProductForTShirtsCategory" name="verifyFirstProductAddedToCart" time="1.824"/>
  <testcase classname="com.businessKeeper.tests.place_order.TC03_BuyFirstProductForTShirtsCategory" name="verifyShoppingSummaryCartPageIsDisplayed" time="2.207"/>
  <testcase classname="com.businessKeeper.tests.place_order.TC03_BuyFirstProductForTShirtsCategory" name="verifyAddressPageIsDisplayed" time="2.488"/>
  <testcase classname="com.businessKeeper.tests.place_order.TC03_BuyFirstProductForTShirtsCategory" name="verifyShippingPageIsDisplayed" time="1.848"/>
  <testcase classname="com.businessKeeper.tests.place_order.TC03_BuyFirstProductForTShirtsCategory" name="verifyUserAgreedToTermsOfService" time="0.551"/>
  <testcase classname="com.businessKeeper.tests.place_order.TC03_BuyFirstProductForTShirtsCategory" name="verifyPaymentPageIsDisplayed" time="1.733"/>
  <testcase classname="com.businessKeeper.tests.place_order.TC03_BuyFirstProductForTShirtsCategory" name="verifyPaymentCorrectPaymentMethodIsPicked" time="1.436"/>
  <testcase classname="com.businessKeeper.tests.place_order.TC03_BuyFirstProductForTShirtsCategory" name="verifyOrderPlacedSuccessfully" time="2.196"/>
</testsuite> <!-- Place order from T-shirts category -->
