<?xml version="1.0" encoding="UTF-8"?>
<!-- Generated by org.testng.reporters.JUnitXMLReporter -->
<testsuite ignored="0" hostname="DESKTOP-04PNTCS" failures="0" tests="10" name="Place order from dresses category" time="55.603" errors="0" timestamp="20 Oct 2020 14:30:21 GMT">
  <testcase classname="com.businessKeeper.tests.place_order.TC02_BuyFirstProductForDressCategory" name="verifySuccessfulLogin" time="10.926"/>
  <testcase classname="com.businessKeeper.tests.place_order.TC02_BuyFirstProductForDressCategory" name="verifyDressProductsPageDisplayed" time="3.524"/>
  <testcase classname="com.businessKeeper.tests.place_order.TC02_BuyFirstProductForDressCategory" name="verifyFirstProductAddedToCart" time="1.397"/>
  <testcase classname="com.businessKeeper.tests.place_order.TC02_BuyFirstProductForDressCategory" name="verifyShoppingSummaryCartPageIsDisplayed" time="4.482"/>
  <testcase classname="com.businessKeeper.tests.place_order.TC02_BuyFirstProductForDressCategory" name="verifyAddressPageIsDisplayed" time="3.456"/>
  <testcase classname="com.businessKeeper.tests.place_order.TC02_BuyFirstProductForDressCategory" name="verifyShippingPageIsDisplayed" time="3.638"/>
  <testcase classname="com.businessKeeper.tests.place_order.TC02_BuyFirstProductForDressCategory" name="verifyUserAgreedToTermsOfService" time="0.535"/>
  <testcase classname="com.businessKeeper.tests.place_order.TC02_BuyFirstProductForDressCategory" name="verifyPaymentPageIsDisplayed" time="3.693"/>
  <testcase classname="com.businessKeeper.tests.place_order.TC02_BuyFirstProductForDressCategory" name="verifyPaymentCorrectPaymentMethodIsPicked" time="4.446"/>
  <testcase classname="com.businessKeeper.tests.place_order.TC02_BuyFirstProductForDressCategory" name="verifyOrderPlacedSuccessfully" time="6.588"/>
</testsuite> <!-- Place order from dresses category -->
