<?xml version="1.0" encoding="UTF-8"?>
<testng-results ignored="0" total="38" passed="38" failed="0" skipped="0">
  <reporter-output>
  </reporter-output>
  <suite started-at="2020-10-20T14:27:52Z" name="Business Keeper - Ecommerce Platform -Tests" finished-at="2020-10-20T14:30:56Z" duration-ms="184218">
    <groups>
    </groups>
    <test started-at="2020-10-20T14:27:52Z" name="End to End Account registration process" finished-at="2020-10-20T14:28:21Z" duration-ms="29134">
      <class name="com.businessKeeper.tests.registration.TC01_E2E_RegistrationProcess">
        <test-method is-config="true" signature="startTest()[pri:0, instance:com.businessKeeper.tests.registration.TC01_E2E_RegistrationProcess@5cbf9aee]" started-at="2020-10-20T14:27:52Z" name="startTest" finished-at="2020-10-20T14:28:09Z" duration-ms="16747" status="PASS">
          <reporter-output>
          </reporter-output>
        </test-method> <!-- startTest -->
        <test-method signature="verifyAuthenticationPageIsLoaded()[pri:1, instance:com.businessKeeper.tests.registration.TC01_E2E_RegistrationProcess@5cbf9aee]" started-at="2020-10-20T14:28:09Z" name="verifyAuthenticationPageIsLoaded" finished-at="2020-10-20T14:28:12Z" duration-ms="2486" status="PASS">
          <reporter-output>
          </reporter-output>
        </test-method> <!-- verifyAuthenticationPageIsLoaded -->
        <test-method signature="verifyRegistrationFormIsLoaded()[pri:2, instance:com.businessKeeper.tests.registration.TC01_E2E_RegistrationProcess@5cbf9aee]" started-at="2020-10-20T14:28:12Z" name="verifyRegistrationFormIsLoaded" finished-at="2020-10-20T14:28:14Z" duration-ms="2349" status="PASS">
          <reporter-output>
          </reporter-output>
        </test-method> <!-- verifyRegistrationFormIsLoaded -->
        <test-method signature="verifyEmailIdOnRegistrationPage()[pri:3, instance:com.businessKeeper.tests.registration.TC01_E2E_RegistrationProcess@5cbf9aee]" started-at="2020-10-20T14:28:14Z" name="verifyEmailIdOnRegistrationPage" finished-at="2020-10-20T14:28:14Z" duration-ms="53" status="PASS">
          <reporter-output>
          </reporter-output>
        </test-method> <!-- verifyEmailIdOnRegistrationPage -->
        <test-method signature="VerifyPersonalDetailsAreFilled()[pri:4, instance:com.businessKeeper.tests.registration.TC01_E2E_RegistrationProcess@5cbf9aee]" started-at="2020-10-20T14:28:14Z" name="VerifyPersonalDetailsAreFilled" finished-at="2020-10-20T14:28:15Z" duration-ms="976" status="PASS">
          <reporter-output>
          </reporter-output>
        </test-method> <!-- VerifyPersonalDetailsAreFilled -->
        <test-method signature="VerifyAddressDetailsAreFilled()[pri:5, instance:com.businessKeeper.tests.registration.TC01_E2E_RegistrationProcess@5cbf9aee]" started-at="2020-10-20T14:28:15Z" name="VerifyAddressDetailsAreFilled" finished-at="2020-10-20T14:28:17Z" duration-ms="1897" status="PASS">
          <reporter-output>
          </reporter-output>
        </test-method> <!-- VerifyAddressDetailsAreFilled -->
        <test-method signature="VerifyRegisterButtonIsEnabled()[pri:6, instance:com.businessKeeper.tests.registration.TC01_E2E_RegistrationProcess@5cbf9aee]" started-at="2020-10-20T14:28:17Z" name="VerifyRegisterButtonIsEnabled" finished-at="2020-10-20T14:28:20Z" duration-ms="2808" status="PASS">
          <reporter-output>
          </reporter-output>
        </test-method> <!-- VerifyRegisterButtonIsEnabled -->
        <test-method signature="verifyAccountCreatedSucessfully()[pri:7, instance:com.businessKeeper.tests.registration.TC01_E2E_RegistrationProcess@5cbf9aee]" started-at="2020-10-20T14:28:20Z" name="verifyAccountCreatedSucessfully" finished-at="2020-10-20T14:28:20Z" duration-ms="809" status="PASS">
          <reporter-output>
          </reporter-output>
        </test-method> <!-- verifyAccountCreatedSucessfully -->
        <test-method is-config="true" signature="terminateTest()[pri:0, instance:com.businessKeeper.tests.registration.TC01_E2E_RegistrationProcess@5cbf9aee]" started-at="2020-10-20T14:28:20Z" name="terminateTest" finished-at="2020-10-20T14:28:21Z" duration-ms="961" status="PASS">
          <reporter-output>
          </reporter-output>
        </test-method> <!-- terminateTest -->
      </class> <!-- com.businessKeeper.tests.registration.TC01_E2E_RegistrationProcess -->
    </test> <!-- End to End Account registration process -->
    <test started-at="2020-10-20T14:28:22Z" name="Account registration with invalid email" finished-at="2020-10-20T14:28:42Z" duration-ms="20483">
      <class name="com.businessKeeper.tests.registration.TC02_Invalid_Email">
        <test-method is-config="true" signature="startTest()[pri:0, instance:com.businessKeeper.tests.registration.TC02_Invalid_Email@4fa5fae0]" started-at="2020-10-20T14:28:22Z" name="startTest" finished-at="2020-10-20T14:28:36Z" duration-ms="14755" status="PASS">
          <reporter-output>
          </reporter-output>
        </test-method> <!-- startTest -->
        <test-method signature="verifyErrorMessageOnInvalidMailId()[pri:0, instance:com.businessKeeper.tests.registration.TC02_Invalid_Email@4fa5fae0]" started-at="2020-10-20T14:28:36Z" name="verifyErrorMessageOnInvalidMailId" finished-at="2020-10-20T14:28:41Z" duration-ms="4788" status="PASS">
          <reporter-output>
          </reporter-output>
        </test-method> <!-- verifyErrorMessageOnInvalidMailId -->
        <test-method is-config="true" signature="terminateTest()[pri:0, instance:com.businessKeeper.tests.registration.TC02_Invalid_Email@4fa5fae0]" started-at="2020-10-20T14:28:41Z" name="terminateTest" finished-at="2020-10-20T14:28:42Z" duration-ms="938" status="PASS">
          <reporter-output>
          </reporter-output>
        </test-method> <!-- terminateTest -->
      </class> <!-- com.businessKeeper.tests.registration.TC02_Invalid_Email -->
    </test> <!-- Account registration with invalid email -->
    <test started-at="2020-10-20T14:28:42Z" name="Place order from womens category" finished-at="2020-10-20T14:29:25Z" duration-ms="43141">
      <class name="com.businessKeeper.tests.place_order.TC01_BuyFirstProductForWomenCategory">
        <test-method is-config="true" signature="startTest()[pri:0, instance:com.businessKeeper.tests.place_order.TC01_BuyFirstProductForWomenCategory@75004ee2]" started-at="2020-10-20T14:28:42Z" name="startTest" finished-at="2020-10-20T14:28:54Z" duration-ms="11803" status="PASS">
          <reporter-output>
          </reporter-output>
        </test-method> <!-- startTest -->
        <test-method signature="verifySuccessfulLogin()[pri:1, instance:com.businessKeeper.tests.place_order.TC01_BuyFirstProductForWomenCategory@75004ee2]" started-at="2020-10-20T14:28:54Z" name="verifySuccessfulLogin" finished-at="2020-10-20T14:28:58Z" duration-ms="3885" status="PASS">
          <reporter-output>
          </reporter-output>
        </test-method> <!-- verifySuccessfulLogin -->
        <test-method signature="verifyWomenProductsPageDisplayed()[pri:2, instance:com.businessKeeper.tests.place_order.TC01_BuyFirstProductForWomenCategory@75004ee2]" started-at="2020-10-20T14:28:58Z" name="verifyWomenProductsPageDisplayed" finished-at="2020-10-20T14:29:01Z" duration-ms="3291" status="PASS">
          <reporter-output>
          </reporter-output>
        </test-method> <!-- verifyWomenProductsPageDisplayed -->
        <test-method signature="verifyFirstProductAddedToCart()[pri:3, instance:com.businessKeeper.tests.place_order.TC01_BuyFirstProductForWomenCategory@75004ee2]" started-at="2020-10-20T14:29:01Z" name="verifyFirstProductAddedToCart" finished-at="2020-10-20T14:29:04Z" duration-ms="2652" status="PASS">
          <reporter-output>
          </reporter-output>
        </test-method> <!-- verifyFirstProductAddedToCart -->
        <test-method signature="verifyShoppingSummaryCartPageIsDisplayed()[pri:4, instance:com.businessKeeper.tests.place_order.TC01_BuyFirstProductForWomenCategory@75004ee2]" started-at="2020-10-20T14:29:04Z" name="verifyShoppingSummaryCartPageIsDisplayed" finished-at="2020-10-20T14:29:08Z" duration-ms="4052" status="PASS">
          <reporter-output>
          </reporter-output>
        </test-method> <!-- verifyShoppingSummaryCartPageIsDisplayed -->
        <test-method signature="verifyAddressPageIsDisplayed()[pri:5, instance:com.businessKeeper.tests.place_order.TC01_BuyFirstProductForWomenCategory@75004ee2]" started-at="2020-10-20T14:29:08Z" name="verifyAddressPageIsDisplayed" finished-at="2020-10-20T14:29:11Z" duration-ms="3499" status="PASS">
          <reporter-output>
          </reporter-output>
        </test-method> <!-- verifyAddressPageIsDisplayed -->
        <test-method signature="verifyShippingPageIsDisplayed()[pri:6, instance:com.businessKeeper.tests.place_order.TC01_BuyFirstProductForWomenCategory@75004ee2]" started-at="2020-10-20T14:29:11Z" name="verifyShippingPageIsDisplayed" finished-at="2020-10-20T14:29:14Z" duration-ms="2320" status="PASS">
          <reporter-output>
          </reporter-output>
        </test-method> <!-- verifyShippingPageIsDisplayed -->
        <test-method signature="verifyUserAgreedToTermsOfService()[pri:7, instance:com.businessKeeper.tests.place_order.TC01_BuyFirstProductForWomenCategory@75004ee2]" started-at="2020-10-20T14:29:14Z" name="verifyUserAgreedToTermsOfService" finished-at="2020-10-20T14:29:14Z" duration-ms="566" status="PASS">
          <reporter-output>
          </reporter-output>
        </test-method> <!-- verifyUserAgreedToTermsOfService -->
        <test-method signature="verifyPaymentPageIsDisplayed()[pri:8, instance:com.businessKeeper.tests.place_order.TC01_BuyFirstProductForWomenCategory@75004ee2]" started-at="2020-10-20T14:29:14Z" name="verifyPaymentPageIsDisplayed" finished-at="2020-10-20T14:29:18Z" duration-ms="3946" status="PASS">
          <reporter-output>
          </reporter-output>
        </test-method> <!-- verifyPaymentPageIsDisplayed -->
        <test-method signature="verifyPaymentCorrectPaymentMethodIsPicked()[pri:9, instance:com.businessKeeper.tests.place_order.TC01_BuyFirstProductForWomenCategory@75004ee2]" started-at="2020-10-20T14:29:18Z" name="verifyPaymentCorrectPaymentMethodIsPicked" finished-at="2020-10-20T14:29:21Z" duration-ms="2776" status="PASS">
          <reporter-output>
          </reporter-output>
        </test-method> <!-- verifyPaymentCorrectPaymentMethodIsPicked -->
        <test-method signature="verifyOrderPlacedSuccessfully()[pri:10, instance:com.businessKeeper.tests.place_order.TC01_BuyFirstProductForWomenCategory@75004ee2]" started-at="2020-10-20T14:29:21Z" name="verifyOrderPlacedSuccessfully" finished-at="2020-10-20T14:29:24Z" duration-ms="3560" status="PASS">
          <reporter-output>
          </reporter-output>
        </test-method> <!-- verifyOrderPlacedSuccessfully -->
        <test-method is-config="true" signature="terminateTest()[pri:0, instance:com.businessKeeper.tests.place_order.TC01_BuyFirstProductForWomenCategory@75004ee2]" started-at="2020-10-20T14:29:24Z" name="terminateTest" finished-at="2020-10-20T14:29:25Z" duration-ms="780" status="PASS">
          <reporter-output>
          </reporter-output>
        </test-method> <!-- terminateTest -->
      </class> <!-- com.businessKeeper.tests.place_order.TC01_BuyFirstProductForWomenCategory -->
    </test> <!-- Place order from womens category -->
    <test started-at="2020-10-20T14:29:25Z" name="Place order from dresses category" finished-at="2020-10-20T14:30:21Z" duration-ms="55603">
      <class name="com.businessKeeper.tests.place_order.TC02_BuyFirstProductForDressCategory">
        <test-method is-config="true" signature="startTest()[pri:0, instance:com.businessKeeper.tests.place_order.TC02_BuyFirstProductForDressCategory@73af8ccb]" started-at="2020-10-20T14:29:25Z" name="startTest" finished-at="2020-10-20T14:29:37Z" duration-ms="12104" status="PASS">
          <reporter-output>
          </reporter-output>
        </test-method> <!-- startTest -->
        <test-method signature="verifySuccessfulLogin()[pri:1, instance:com.businessKeeper.tests.place_order.TC02_BuyFirstProductForDressCategory@73af8ccb]" started-at="2020-10-20T14:29:37Z" name="verifySuccessfulLogin" finished-at="2020-10-20T14:29:48Z" duration-ms="10926" status="PASS">
          <reporter-output>
          </reporter-output>
        </test-method> <!-- verifySuccessfulLogin -->
        <test-method signature="verifyDressProductsPageDisplayed()[pri:2, instance:com.businessKeeper.tests.place_order.TC02_BuyFirstProductForDressCategory@73af8ccb]" started-at="2020-10-20T14:29:48Z" name="verifyDressProductsPageDisplayed" finished-at="2020-10-20T14:29:52Z" duration-ms="3524" status="PASS">
          <reporter-output>
          </reporter-output>
        </test-method> <!-- verifyDressProductsPageDisplayed -->
        <test-method signature="verifyFirstProductAddedToCart()[pri:3, instance:com.businessKeeper.tests.place_order.TC02_BuyFirstProductForDressCategory@73af8ccb]" started-at="2020-10-20T14:29:52Z" name="verifyFirstProductAddedToCart" finished-at="2020-10-20T14:29:53Z" duration-ms="1397" status="PASS">
          <reporter-output>
          </reporter-output>
        </test-method> <!-- verifyFirstProductAddedToCart -->
        <test-method signature="verifyShoppingSummaryCartPageIsDisplayed()[pri:4, instance:com.businessKeeper.tests.place_order.TC02_BuyFirstProductForDressCategory@73af8ccb]" started-at="2020-10-20T14:29:53Z" name="verifyShoppingSummaryCartPageIsDisplayed" finished-at="2020-10-20T14:29:58Z" duration-ms="4482" status="PASS">
          <reporter-output>
          </reporter-output>
        </test-method> <!-- verifyShoppingSummaryCartPageIsDisplayed -->
        <test-method signature="verifyAddressPageIsDisplayed()[pri:5, instance:com.businessKeeper.tests.place_order.TC02_BuyFirstProductForDressCategory@73af8ccb]" started-at="2020-10-20T14:29:58Z" name="verifyAddressPageIsDisplayed" finished-at="2020-10-20T14:30:01Z" duration-ms="3456" status="PASS">
          <reporter-output>
          </reporter-output>
        </test-method> <!-- verifyAddressPageIsDisplayed -->
        <test-method signature="verifyShippingPageIsDisplayed()[pri:6, instance:com.businessKeeper.tests.place_order.TC02_BuyFirstProductForDressCategory@73af8ccb]" started-at="2020-10-20T14:30:01Z" name="verifyShippingPageIsDisplayed" finished-at="2020-10-20T14:30:05Z" duration-ms="3638" status="PASS">
          <reporter-output>
          </reporter-output>
        </test-method> <!-- verifyShippingPageIsDisplayed -->
        <test-method signature="verifyUserAgreedToTermsOfService()[pri:7, instance:com.businessKeeper.tests.place_order.TC02_BuyFirstProductForDressCategory@73af8ccb]" started-at="2020-10-20T14:30:05Z" name="verifyUserAgreedToTermsOfService" finished-at="2020-10-20T14:30:05Z" duration-ms="535" status="PASS">
          <reporter-output>
          </reporter-output>
        </test-method> <!-- verifyUserAgreedToTermsOfService -->
        <test-method signature="verifyPaymentPageIsDisplayed()[pri:8, instance:com.businessKeeper.tests.place_order.TC02_BuyFirstProductForDressCategory@73af8ccb]" started-at="2020-10-20T14:30:05Z" name="verifyPaymentPageIsDisplayed" finished-at="2020-10-20T14:30:09Z" duration-ms="3693" status="PASS">
          <reporter-output>
          </reporter-output>
        </test-method> <!-- verifyPaymentPageIsDisplayed -->
        <test-method signature="verifyPaymentCorrectPaymentMethodIsPicked()[pri:9, instance:com.businessKeeper.tests.place_order.TC02_BuyFirstProductForDressCategory@73af8ccb]" started-at="2020-10-20T14:30:09Z" name="verifyPaymentCorrectPaymentMethodIsPicked" finished-at="2020-10-20T14:30:13Z" duration-ms="4446" status="PASS">
          <reporter-output>
          </reporter-output>
        </test-method> <!-- verifyPaymentCorrectPaymentMethodIsPicked -->
        <test-method signature="verifyOrderPlacedSuccessfully()[pri:10, instance:com.businessKeeper.tests.place_order.TC02_BuyFirstProductForDressCategory@73af8ccb]" started-at="2020-10-20T14:30:13Z" name="verifyOrderPlacedSuccessfully" finished-at="2020-10-20T14:30:20Z" duration-ms="6588" status="PASS">
          <reporter-output>
          </reporter-output>
        </test-method> <!-- verifyOrderPlacedSuccessfully -->
        <test-method is-config="true" signature="terminateTest()[pri:0, instance:com.businessKeeper.tests.place_order.TC02_BuyFirstProductForDressCategory@73af8ccb]" started-at="2020-10-20T14:30:20Z" name="terminateTest" finished-at="2020-10-20T14:30:21Z" duration-ms="807" status="PASS">
          <reporter-output>
          </reporter-output>
        </test-method> <!-- terminateTest -->
      </class> <!-- com.businessKeeper.tests.place_order.TC02_BuyFirstProductForDressCategory -->
    </test> <!-- Place order from dresses category -->
    <test started-at="2020-10-20T14:30:21Z" name="Place order from T-shirts category" finished-at="2020-10-20T14:30:56Z" duration-ms="35594">
      <class name="com.businessKeeper.tests.place_order.TC03_BuyFirstProductForTShirtsCategory">
        <test-method is-config="true" signature="startTest()[pri:0, instance:com.businessKeeper.tests.place_order.TC03_BuyFirstProductForTShirtsCategory@7fb91889]" started-at="2020-10-20T14:30:21Z" name="startTest" finished-at="2020-10-20T14:30:33Z" duration-ms="12376" status="PASS">
          <reporter-output>
          </reporter-output>
        </test-method> <!-- startTest -->
        <test-method signature="verifySuccessfulLogin()[pri:1, instance:com.businessKeeper.tests.place_order.TC03_BuyFirstProductForTShirtsCategory@7fb91889]" started-at="2020-10-20T14:30:33Z" name="verifySuccessfulLogin" finished-at="2020-10-20T14:30:38Z" duration-ms="5135" status="PASS">
          <reporter-output>
          </reporter-output>
        </test-method> <!-- verifySuccessfulLogin -->
        <test-method signature="verifyTshirtProductsPageDisplayed()[pri:2, instance:com.businessKeeper.tests.place_order.TC03_BuyFirstProductForTShirtsCategory@7fb91889]" started-at="2020-10-20T14:30:38Z" name="verifyTshirtProductsPageDisplayed" finished-at="2020-10-20T14:30:41Z" duration-ms="2993" status="PASS">
          <reporter-output>
          </reporter-output>
        </test-method> <!-- verifyTshirtProductsPageDisplayed -->
        <test-method signature="verifyFirstProductAddedToCart()[pri:3, instance:com.businessKeeper.tests.place_order.TC03_BuyFirstProductForTShirtsCategory@7fb91889]" started-at="2020-10-20T14:30:41Z" name="verifyFirstProductAddedToCart" finished-at="2020-10-20T14:30:43Z" duration-ms="1824" status="PASS">
          <reporter-output>
          </reporter-output>
        </test-method> <!-- verifyFirstProductAddedToCart -->
        <test-method signature="verifyShoppingSummaryCartPageIsDisplayed()[pri:4, instance:com.businessKeeper.tests.place_order.TC03_BuyFirstProductForTShirtsCategory@7fb91889]" started-at="2020-10-20T14:30:43Z" name="verifyShoppingSummaryCartPageIsDisplayed" finished-at="2020-10-20T14:30:45Z" duration-ms="2207" status="PASS">
          <reporter-output>
          </reporter-output>
        </test-method> <!-- verifyShoppingSummaryCartPageIsDisplayed -->
        <test-method signature="verifyAddressPageIsDisplayed()[pri:5, instance:com.businessKeeper.tests.place_order.TC03_BuyFirstProductForTShirtsCategory@7fb91889]" started-at="2020-10-20T14:30:45Z" name="verifyAddressPageIsDisplayed" finished-at="2020-10-20T14:30:48Z" duration-ms="2488" status="PASS">
          <reporter-output>
          </reporter-output>
        </test-method> <!-- verifyAddressPageIsDisplayed -->
        <test-method signature="verifyShippingPageIsDisplayed()[pri:6, instance:com.businessKeeper.tests.place_order.TC03_BuyFirstProductForTShirtsCategory@7fb91889]" started-at="2020-10-20T14:30:48Z" name="verifyShippingPageIsDisplayed" finished-at="2020-10-20T14:30:50Z" duration-ms="1848" status="PASS">
          <reporter-output>
          </reporter-output>
        </test-method> <!-- verifyShippingPageIsDisplayed -->
        <test-method signature="verifyUserAgreedToTermsOfService()[pri:7, instance:com.businessKeeper.tests.place_order.TC03_BuyFirstProductForTShirtsCategory@7fb91889]" started-at="2020-10-20T14:30:50Z" name="verifyUserAgreedToTermsOfService" finished-at="2020-10-20T14:30:50Z" duration-ms="551" status="PASS">
          <reporter-output>
          </reporter-output>
        </test-method> <!-- verifyUserAgreedToTermsOfService -->
        <test-method signature="verifyPaymentPageIsDisplayed()[pri:8, instance:com.businessKeeper.tests.place_order.TC03_BuyFirstProductForTShirtsCategory@7fb91889]" started-at="2020-10-20T14:30:50Z" name="verifyPaymentPageIsDisplayed" finished-at="2020-10-20T14:30:52Z" duration-ms="1733" status="PASS">
          <reporter-output>
          </reporter-output>
        </test-method> <!-- verifyPaymentPageIsDisplayed -->
        <test-method signature="verifyPaymentCorrectPaymentMethodIsPicked()[pri:9, instance:com.businessKeeper.tests.place_order.TC03_BuyFirstProductForTShirtsCategory@7fb91889]" started-at="2020-10-20T14:30:52Z" name="verifyPaymentCorrectPaymentMethodIsPicked" finished-at="2020-10-20T14:30:53Z" duration-ms="1436" status="PASS">
          <reporter-output>
          </reporter-output>
        </test-method> <!-- verifyPaymentCorrectPaymentMethodIsPicked -->
        <test-method signature="verifyOrderPlacedSuccessfully()[pri:10, instance:com.businessKeeper.tests.place_order.TC03_BuyFirstProductForTShirtsCategory@7fb91889]" started-at="2020-10-20T14:30:53Z" name="verifyOrderPlacedSuccessfully" finished-at="2020-10-20T14:30:56Z" duration-ms="2196" status="PASS">
          <reporter-output>
          </reporter-output>
        </test-method> <!-- verifyOrderPlacedSuccessfully -->
        <test-method is-config="true" signature="terminateTest()[pri:0, instance:com.businessKeeper.tests.place_order.TC03_BuyFirstProductForTShirtsCategory@7fb91889]" started-at="2020-10-20T14:30:56Z" name="terminateTest" finished-at="2020-10-20T14:30:56Z" duration-ms="802" status="PASS">
          <reporter-output>
          </reporter-output>
        </test-method> <!-- terminateTest -->
      </class> <!-- com.businessKeeper.tests.place_order.TC03_BuyFirstProductForTShirtsCategory -->
    </test> <!-- Place order from T-shirts category -->
  </suite> <!-- Business Keeper - Ecommerce Platform -Tests -->
</testng-results>
