<?xml version="1.0" encoding="UTF-8"?>
<testsuite xmlns:xsi="http://www.w3.org/2001/XMLSchema-instance" xsi:noNamespaceSchemaLocation="https://maven.apache.org/surefire/maven-surefire-plugin/xsd/surefire-test-report-3.0.xsd" version="3.0" name="TestSuite" time="189.818" tests="38" errors="0" skipped="0" failures="0">
  <properties>
[...]
</properties>
  <testcase name="verifyAuthenticationPageIsLoaded" classname="com.businessKeeper.tests.registration.TC01_E2E_RegistrationProcess" time="2.488"/>
  <testcase name="verifyRegistrationFormIsLoaded" classname="com.businessKeeper.tests.registration.TC01_E2E_RegistrationProcess" time="2.346"/>
  <testcase name="verifyEmailIdOnRegistrationPage" classname="com.businessKeeper.tests.registration.TC01_E2E_RegistrationProcess" time="0.054"/>
  <testcase name="VerifyPersonalDetailsAreFilled" classname="com.businessKeeper.tests.registration.TC01_E2E_RegistrationProcess" time="0.975"/>
  <testcase name="VerifyAddressDetailsAreFilled" classname="com.businessKeeper.tests.registration.TC01_E2E_RegistrationProcess" time="1.897"/>
  <testcase name="VerifyRegisterButtonIsEnabled" classname="com.businessKeeper.tests.registration.TC01_E2E_RegistrationProcess" time="2.806"/>
  <testcase name="verifyAccountCreatedSucessfully" classname="com.businessKeeper.tests.registration.TC01_E2E_RegistrationProcess" time="0.809"/>
  <testcase name="verifyErrorMessageOnInvalidMailId" classname="com.businessKeeper.tests.registration.TC02_Invalid_Email" time="4.79"/>
  <testcase name="verifySuccessfulLogin" classname="com.businessKeeper.tests.place_order.TC01_BuyFirstProductForWomenCategory" time="3.886"/>
  <testcase name="verifyWomenProductsPageDisplayed" classname="com.businessKeeper.tests.place_order.TC01_BuyFirstProductForWomenCategory" time="3.29"/>
  <testcase name="verifyFirstProductAddedToCart" classname="com.businessKeeper.tests.place_order.TC01_BuyFirstProductForWomenCategory" time="2.652"/>
  <testcase name="verifyShoppingSummaryCartPageIsDisplayed" classname="com.businessKeeper.tests.place_order.TC01_BuyFirstProductForWomenCategory" time="4.053"/>
  <testcase name="verifyAddressPageIsDisplayed" classname="com.businessKeeper.tests.place_order.TC01_BuyFirstProductForWomenCategory" time="3.499"/>
  <testcase name="verifyShippingPageIsDisplayed" classname="com.businessKeeper.tests.place_order.TC01_BuyFirstProductForWomenCategory" time="2.321"/>
  <testcase name="verifyUserAgreedToTermsOfService" classname="com.businessKeeper.tests.place_order.TC01_BuyFirstProductForWomenCategory" time="0.566"/>
  <testcase name="verifyPaymentPageIsDisplayed" classname="com.businessKeeper.tests.place_order.TC01_BuyFirstProductForWomenCategory" time="3.946"/>
  <testcase name="verifyPaymentCorrectPaymentMethodIsPicked" classname="com.businessKeeper.tests.place_order.TC01_BuyFirstProductForWomenCategory" time="2.775"/>
  <testcase name="verifyOrderPlacedSuccessfully" classname="com.businessKeeper.tests.place_order.TC01_BuyFirstProductForWomenCategory" time="3.561"/>
  <testcase name="verifySuccessfulLogin" classname="com.businessKeeper.tests.place_order.TC02_BuyFirstProductForDressCategory" time="10.927"/>
  <testcase name="verifyDressProductsPageDisplayed" classname="com.businessKeeper.tests.place_order.TC02_BuyFirstProductForDressCategory" time="3.524"/>
  <testcase name="verifyFirstProductAddedToCart" classname="com.businessKeeper.tests.place_order.TC02_BuyFirstProductForDressCategory" time="1.397"/>
  <testcase name="verifyShoppingSummaryCartPageIsDisplayed" classname="com.businessKeeper.tests.place_order.TC02_BuyFirstProductForDressCategory" time="4.483"/>
  <testcase name="verifyAddressPageIsDisplayed" classname="com.businessKeeper.tests.place_order.TC02_BuyFirstProductForDressCategory" time="3.456"/>
  <testcase name="verifyShippingPageIsDisplayed" classname="com.businessKeeper.tests.place_order.TC02_BuyFirstProductForDressCategory" time="3.637"/>
  <testcase name="verifyUserAgreedToTermsOfService" classname="com.businessKeeper.tests.place_order.TC02_BuyFirstProductForDressCategory" time="0.535"/>
  <testcase name="verifyPaymentPageIsDisplayed" classname="com.businessKeeper.tests.place_order.TC02_BuyFirstProductForDressCategory" time="3.7"/>
  <testcase name="verifyPaymentCorrectPaymentMethodIsPicked" classname="com.businessKeeper.tests.place_order.TC02_BuyFirstProductForDressCategory" time="4.44"/>
  <testcase name="verifyOrderPlacedSuccessfully" classname="com.businessKeeper.tests.place_order.TC02_BuyFirstProductForDressCategory" time="6.589"/>
  <testcase name="verifySuccessfulLogin" classname="com.businessKeeper.tests.place_order.TC03_BuyFirstProductForTShirtsCategory" time="5.135"/>
  <testcase name="verifyTshirtProductsPageDisplayed" classname="com.businessKeeper.tests.place_order.TC03_BuyFirstProductForTShirtsCategory" time="2.993"/>
  <testcase name="verifyFirstProductAddedToCart" classname="com.businessKeeper.tests.place_order.TC03_BuyFirstProductForTShirtsCategory" time="1.823"/>
  <testcase name="verifyShoppingSummaryCartPageIsDisplayed" classname="com.businessKeeper.tests.place_order.TC03_BuyFirstProductForTShirtsCategory" time="2.207"/>
  <testcase name="verifyAddressPageIsDisplayed" classname="com.businessKeeper.tests.place_order.TC03_BuyFirstProductForTShirtsCategory" time="2.488"/>
  <testcase name="verifyShippingPageIsDisplayed" classname="com.businessKeeper.tests.place_order.TC03_BuyFirstProductForTShirtsCategory" time="1.848"/>
  <testcase name="verifyUserAgreedToTermsOfService" classname="com.businessKeeper.tests.place_order.TC03_BuyFirstProductForTShirtsCategory" time="0.551"/>
  <testcase name="verifyPaymentPageIsDisplayed" classname="com.businessKeeper.tests.place_order.TC03_BuyFirstProductForTShirtsCategory" time="1.733"/>
  <testcase name="verifyPaymentCorrectPaymentMethodIsPicked" classname="com.businessKeeper.tests.place_order.TC03_BuyFirstProductForTShirtsCategory" time="1.435"/>
  <testcase name="verifyOrderPlacedSuccessfully" classname="com.businessKeeper.tests.place_order.TC03_BuyFirstProductForTShirtsCategory" time="2.195"/>
</testsuite>