<?xml version="1.0" encoding="UTF-8"?>
<!-- Generated by org.testng.reporters.JUnitReportReporter -->
<testsuite hostname="DESKTOP-04PNTCS" failures="0" tests="7" name="com.businessKeeper.tests.registration.TC01_E2E_RegistrationProcess" time="11.378" errors="0" timestamp="20 Oct 2020 14:30:57 GMT" skipped="0">
  <testcase classname="com.businessKeeper.tests.registration.TC01_E2E_RegistrationProcess" name="verifyAuthenticationPageIsLoaded" time="2.486"/>
  <testcase classname="com.businessKeeper.tests.registration.TC01_E2E_RegistrationProcess" name="verifyRegistrationFormIsLoaded" time="2.349"/>
  <testcase classname="com.businessKeeper.tests.registration.TC01_E2E_RegistrationProcess" name="verifyEmailIdOnRegistrationPage" time="0.053"/>
  <testcase classname="com.businessKeeper.tests.registration.TC01_E2E_RegistrationProcess" name="VerifyPersonalDetailsAreFilled" time="0.976"/>
  <testcase classname="com.businessKeeper.tests.registration.TC01_E2E_RegistrationProcess" name="VerifyAddressDetailsAreFilled" time="1.897"/>
  <testcase classname="com.businessKeeper.tests.registration.TC01_E2E_RegistrationProcess" name="VerifyRegisterButtonIsEnabled" time="2.808"/>
  <testcase classname="com.businessKeeper.tests.registration.TC01_E2E_RegistrationProcess" name="verifyAccountCreatedSucessfully" time="0.809"/>
</testsuite> <!-- com.businessKeeper.tests.registration.TC01_E2E_RegistrationProcess -->
