<?xml version="1.0" encoding="UTF-8"?>
<!-- Generated by org.testng.reporters.JUnitReportReporter -->
<testsuite hostname="DESKTOP-04PNTCS" failures="0" tests="10" name="com.businessKeeper.tests.place_order.TC01_BuyFirstProductForWomenCategory" time="30.547" errors="0" timestamp="20 Oct 2020 14:30:57 GMT" skipped="0">
  <testcase classname="com.businessKeeper.tests.place_order.TC01_BuyFirstProductForWomenCategory" name="verifySuccessfulLogin" time="3.885"/>
  <testcase classname="com.businessKeeper.tests.place_order.TC01_BuyFirstProductForWomenCategory" name="verifyWomenProductsPageDisplayed" time="3.291"/>
  <testcase classname="com.businessKeeper.tests.place_order.TC01_BuyFirstProductForWomenCategory" name="verifyFirstProductAddedToCart" time="2.652"/>
  <testcase classname="com.businessKeeper.tests.place_order.TC01_BuyFirstProductForWomenCategory" name="verifyShoppingSummaryCartPageIsDisplayed" time="4.052"/>
  <testcase classname="com.businessKeeper.tests.place_order.TC01_BuyFirstProductForWomenCategory" name="verifyAddressPageIsDisplayed" time="3.499"/>
  <testcase classname="com.businessKeeper.tests.place_order.TC01_BuyFirstProductForWomenCategory" name="verifyShippingPageIsDisplayed" time="2.320"/>
  <testcase classname="com.businessKeeper.tests.place_order.TC01_BuyFirstProductForWomenCategory" name="verifyUserAgreedToTermsOfService" time="0.566"/>
  <testcase classname="com.businessKeeper.tests.place_order.TC01_BuyFirstProductForWomenCategory" name="verifyPaymentPageIsDisplayed" time="3.946"/>
  <testcase classname="com.businessKeeper.tests.place_order.TC01_BuyFirstProductForWomenCategory" name="verifyPaymentCorrectPaymentMethodIsPicked" time="2.776"/>
  <testcase classname="com.businessKeeper.tests.place_order.TC01_BuyFirstProductForWomenCategory" name="verifyOrderPlacedSuccessfully" time="3.560"/>
</testsuite> <!-- com.businessKeeper.tests.place_order.TC01_BuyFirstProductForWomenCategory -->
